2024-05-23 17:03:09 INFO  GameManagerImpl:60 - User registered
2024-05-23 17:03:20 INFO  GameManagerImpl:87 - Error
2024-05-23 17:03:20 WARN  GameManagerImpl:90 - Incorrect password
2024-05-23 19:19:26 INFO  GameManagerImpl:60 - User registered
2024-05-23 19:19:41 INFO  GameManagerImpl:87 - Error
2024-05-23 19:19:41 WARN  GameManagerImpl:90 - Incorrect password
2024-05-23 19:31:54 INFO  GameManagerImpl:73 - User registered
2024-05-23 19:39:30 INFO  GameManagerImpl:93 - login(edu.upc.dsa.models.Credenciales@3baefb75)
2024-05-23 19:39:30 WARN  GameManagerImpl:110 - User with email pere111@gmail.com not found
2024-05-23 19:41:20 INFO  GameManagerImpl:82 - User registered
2024-05-23 19:41:33 INFO  GameManagerImpl:93 - login(edu.upc.dsa.models.Credenciales@22dfb541)
2024-05-23 19:41:33 INFO  GameManagerImpl:104 - Login successful for user: peret1
2024-05-23 19:42:45 INFO  GameManagerImpl:93 - login(edu.upc.dsa.models.Credenciales@14e0ca29)
2024-05-23 19:42:45 INFO  GameManagerImpl:104 - Login successful for user: peret1
2024-05-23 19:57:03 INFO  GameManagerImpl:82 - User registered
2024-05-23 19:57:12 INFO  GameManagerImpl:93 - login(edu.upc.dsa.models.Credenciales@53edee29)
2024-05-23 19:57:12 INFO  GameManagerImpl:104 - Login successful for user: peret2
2024-05-29 09:41:09 INFO  GameManagerImpl:98 - 
2024-05-29 09:41:09 INFO  GameManagerImpl:99 - 
2024-05-29 09:41:09 INFO  GameManagerImpl:108 - Error
2024-05-29 09:41:09 WARN  GameManagerImpl:111 - Incorrect password
2024-05-29 09:41:46 INFO  GameManagerImpl:82 - User registered
2024-05-29 09:42:01 INFO  GameManagerImpl:98 - luis@gmail.com
2024-05-29 09:42:01 INFO  GameManagerImpl:99 - 8
2024-05-29 09:42:01 WARN  GameManagerImpl:111 - Incorrect password
2024-05-29 09:42:06 INFO  GameManagerImpl:98 - luis@gmail.com
2024-05-29 09:42:06 INFO  GameManagerImpl:99 - 8
2024-05-29 09:42:06 INFO  GameManagerImpl:101 - Succesful login luis@gmail.com
2024-05-29 09:44:57 INFO  GameManagerImpl:98 - luis@gmail.com
2024-05-29 09:44:57 INFO  GameManagerImpl:99 - 8
2024-05-29 09:44:57 WARN  GameManagerImpl:111 - Incorrect password
2024-05-29 09:45:05 INFO  GameManagerImpl:98 - luis@gmail.com
2024-05-29 09:45:05 INFO  GameManagerImpl:99 - 8
2024-05-29 09:45:05 INFO  GameManagerImpl:101 - Succesful login luis@gmail.com
2024-05-29 09:45:07 INFO  GameManagerImpl:118 - Lista Objetos Correcta
2024-05-29 09:47:44 INFO  GameManagerImpl:98 - luis@gmail.com
2024-05-29 09:47:44 INFO  GameManagerImpl:99 - 8
2024-05-29 09:47:44 INFO  GameManagerImpl:101 - Succesful login luis@gmail.com
2024-05-30 11:39:07 INFO  GameManagerImpl:82 - User registered
2024-05-30 11:39:35 INFO  GameManagerImpl:98 - bob@gmail.com
2024-05-30 11:39:35 INFO  GameManagerImpl:99 - 9
2024-05-30 11:39:35 INFO  GameManagerImpl:101 - Succesful login bob@gmail.com
2024-05-31 19:21:48 INFO  GameManagerImpl:98 - bob@gmail.com
2024-05-31 19:21:48 INFO  GameManagerImpl:99 - 9
2024-05-31 19:21:48 INFO  GameManagerImpl:101 - Succesful login bob@gmail.com
2024-05-31 19:54:17 INFO  GameManagerImpl:132 - Consulta Realizada
2024-05-31 19:54:35 INFO  GameManagerImpl:132 - Consulta Realizada
2024-05-31 20:06:24 INFO  GameManagerImpl:132 - Consulta Realizada
2024-05-31 20:12:05 INFO  GameManagerImpl:132 - Consulta Realizada
2024-05-31 20:15:55 INFO  GameManagerImpl:132 - Consulta Realizada
2024-05-31 20:25:37 INFO  GameManagerImpl:132 - Consulta Realizada
